[0.000000] (-) TimerEvent: {}
[0.000000] (radar_pkg) JobQueued: {'identifier': 'radar_pkg', 'dependencies': OrderedDict()}
[0.000000] (radar_pkg) JobStarted: {'identifier': 'radar_pkg'}
[0.110000] (radar_pkg) JobProgress: {'identifier': 'radar_pkg', 'progress': 'cmake'}
[0.110000] (-) TimerEvent: {}
[0.110000] (radar_pkg) Command: {'cmd': ['C:\\opt\\ros\\foxy\\x64\\Scripts\\cmake.EXE', 'C:\\ws\\techical_test_ROS\\radar_ws\\src\\radar_pkg', '-DCMAKE_INSTALL_PREFIX=C:\\ws\\techical_test_ROS\\install\\radar_pkg', '-G', 'Visual Studio 16 2019'], 'cwd': 'C:\\ws\\techical_test_ROS\\build\\radar_pkg', 'env': OrderedDict([('ALLUSERSPROFILE', 'C:\\ProgramData'), ('AMENT_PREFIX_PATH', 'C:\\opt\\ros\\foxy\\x64'), ('ANSYS221_DIR', 'C:\\Program Files\\ANSYS Inc\\ANSYS Student\\v221\\ANSYS'), ('APPDATA', 'C:\\Users\\Esmeyralda Celiandre\\AppData\\Roaming'), ('AWP_ROOT221', 'C:\\Program Files\\ANSYS Inc\\ANSYS Student\\v221'), ('CADOE_LIBDIR221', 'C:\\Program Files\\ANSYS Inc\\ANSYS Student\\v221\\CommonFiles\\Language\\fr'), ('ChocolateyInstall', 'C:\\opt\\chocolatey'), ('ChocolateyLastPathUpdate', '133402895531067970'), ('CHROME_CRASHPAD_PIPE_NAME', '\\\\.\\pipe\\crashpad_11456_MLMZJNMHJZFGLXQO'), ('CMAKE_PREFIX_PATH', 'C:\\opt\\ros\\foxy\\x64\\tools\\vcpkg\\installed\\x64-windows;C:\\opt\\ros\\foxy\\x64'), ('COLCON', '1'), ('COLCON_PREFIX_PATH', 'C:\\opt\\ros\\foxy\\x64\\'), ('CommandPromptType', 'Native'), ('CommonProgramFiles', 'C:\\Program Files\\Common Files'), ('CommonProgramFiles(x86)', 'C:\\Program Files (x86)\\Common Files'), ('CommonProgramW6432', 'C:\\Program Files\\Common Files'), ('COMPUTERNAME', 'DESKTOP-540HHKN'), ('ComSpec', 'C:\\WINDOWS\\system32\\cmd.exe'), ('DevEnvDir', 'C:\\Program Files (x86)\\Microsoft Visual Studio\\2019\\Community\\Common7\\IDE\\'), ('DriverData', 'C:\\Windows\\System32\\Drivers\\DriverData'), ('ExtensionSdkDir', 'C:\\Program Files (x86)\\Microsoft SDKs\\Windows Kits\\10\\ExtensionSDKs'), ('Framework40Version', 'v4.0'), ('FrameworkDir', 'C:\\Windows\\Microsoft.NET\\Framework64\\'), ('FrameworkDir64', 'C:\\Windows\\Microsoft.NET\\Framework64\\'), ('FrameworkVersion', 'v4.0.30319'), ('FrameworkVersion64', 'v4.0.30319'), ('FREI0R_PATH', 'C:\\Program Files (x86)\\Apowersoft\\Video Converter Studio\\frei0r'), ('FSHARPINSTALLDIR', 'C:\\Program Files (x86)\\Microsoft Visual Studio\\2019\\Community\\Common7\\IDE\\CommonExtensions\\Microsoft\\FSharp\\Tools'), ('HOMEDRIVE', 'C:'), ('HOMEPATH', '\\Users\\Esmeyralda Celiandre'), ('INCLUDE', 'C:\\Program Files (x86)\\Microsoft Visual Studio\\2019\\Community\\VC\\Tools\\MSVC\\14.29.30133\\ATLMFC\\include;C:\\Program Files (x86)\\Microsoft Visual Studio\\2019\\Community\\VC\\Tools\\MSVC\\14.29.30133\\include;C:\\Program Files (x86)\\Windows Kits\\NETFXSDK\\4.8\\include\\um;C:\\Program Files (x86)\\Windows Kits\\10\\include\\10.0.22621.0\\ucrt;C:\\Program Files (x86)\\Windows Kits\\10\\include\\10.0.22621.0\\shared;C:\\Program Files (x86)\\Windows Kits\\10\\include\\10.0.22621.0\\um;C:\\Program Files (x86)\\Windows Kits\\10\\include\\10.0.22621.0\\winrt;C:\\Program Files (x86)\\Windows Kits\\10\\include\\10.0.22621.0\\cppwinrt'), ('LIB', 'C:\\Program Files (x86)\\Microsoft Visual Studio\\2019\\Community\\VC\\Tools\\MSVC\\14.29.30133\\ATLMFC\\lib\\x64;C:\\Program Files (x86)\\Microsoft Visual Studio\\2019\\Community\\VC\\Tools\\MSVC\\14.29.30133\\lib\\x64;C:\\Program Files (x86)\\Windows Kits\\NETFXSDK\\4.8\\lib\\um\\x64;C:\\Program Files (x86)\\Windows Kits\\10\\lib\\10.0.22621.0\\ucrt\\x64;C:\\Program Files (x86)\\Windows Kits\\10\\lib\\10.0.22621.0\\um\\x64'), ('LIBPATH', 'C:\\Program Files (x86)\\Microsoft Visual Studio\\2019\\Community\\VC\\Tools\\MSVC\\14.29.30133\\ATLMFC\\lib\\x64;C:\\Program Files (x86)\\Microsoft Visual Studio\\2019\\Community\\VC\\Tools\\MSVC\\14.29.30133\\lib\\x64;C:\\Program Files (x86)\\Microsoft Visual Studio\\2019\\Community\\VC\\Tools\\MSVC\\14.29.30133\\lib\\x86\\store\\references;C:\\Program Files (x86)\\Windows Kits\\10\\UnionMetadata\\10.0.22621.0;C:\\Program Files (x86)\\Windows Kits\\10\\References\\10.0.22621.0;C:\\Windows\\Microsoft.NET\\Framework64\\v4.0.30319'), ('LOCALAPPDATA', 'C:\\Users\\Esmeyralda Celiandre\\AppData\\Local'), ('LOGONSERVER', '\\\\DESKTOP-540HHKN'), ('LSTC_LICENSE', 'Ansys'), ('NETFXSDKDir', 'C:\\Program Files (x86)\\Windows Kits\\NETFXSDK\\4.8\\'), ('NUMBER_OF_PROCESSORS', '4'), ('OneDrive', 'C:\\Users\\Esmeyralda Celiandre\\OneDrive'), ('OneDriveConsumer', 'C:\\Users\\Esmeyralda Celiandre\\OneDrive'), ('ORIGINAL_XDG_CURRENT_DESKTOP', 'undefined'), ('OS', 'Windows_NT'), ('Path', 'C:\\opt\\ros\\foxy\\x64\\opt\\rviz_ogre_vendor\\bin;C:\\opt\\ros\\foxy\\x64\\tools\\vcpkg\\installed\\x64-windows\\bin;C:\\opt\\ros\\foxy\\x64\\tools\\vcpkg;C:\\opt\\ros\\foxy\\x64\\Scripts;C:\\opt\\ros\\foxy\\x64\\bin;c:\\opt\\ros\\foxy\\x64\\;C:\\Program Files (x86)\\Microsoft Visual Studio\\2019\\Community\\Common7\\IDE\\\\Extensions\\Microsoft\\IntelliCode\\CLI;C:\\Program Files (x86)\\Microsoft Visual Studio\\2019\\Community\\VC\\Tools\\MSVC\\14.29.30133\\bin\\HostX64\\x64;C:\\Program Files (x86)\\Microsoft Visual Studio\\2019\\Community\\Common7\\IDE\\VC\\VCPackages;C:\\Program Files (x86)\\Microsoft Visual Studio\\2019\\Community\\Common7\\IDE\\CommonExtensions\\Microsoft\\TestWindow;C:\\Program Files (x86)\\Microsoft Visual Studio\\2019\\Community\\Common7\\IDE\\CommonExtensions\\Microsoft\\TeamFoundation\\Team Explorer;C:\\Program Files (x86)\\Microsoft Visual Studio\\2019\\Community\\MSBuild\\Current\\bin\\Roslyn;C:\\Program Files (x86)\\Microsoft Visual Studio\\2019\\Community\\Team Tools\\Performance Tools\\x64;C:\\Program Files (x86)\\Microsoft Visual Studio\\2019\\Community\\Team Tools\\Performance Tools;C:\\Program Files (x86)\\Microsoft Visual Studio\\Shared\\Common\\VSPerfCollectionTools\\vs2019\\\\x64;C:\\Program Files (x86)\\Microsoft Visual Studio\\Shared\\Common\\VSPerfCollectionTools\\vs2019\\;C:\\Program Files (x86)\\Microsoft SDKs\\Windows\\v10.0A\\bin\\NETFX 4.8 Tools\\x64\\;C:\\Program Files (x86)\\Microsoft Visual Studio\\2019\\Community\\Common7\\IDE\\CommonExtensions\\Microsoft\\FSharp\\Tools;C:\\Program Files (x86)\\Microsoft Visual Studio\\2019\\Community\\Common7\\Tools\\devinit;C:\\Program Files (x86)\\Windows Kits\\10\\bin\\10.0.22621.0\\x64;C:\\Program Files (x86)\\Windows Kits\\10\\bin\\x64;C:\\Program Files (x86)\\Microsoft Visual Studio\\2019\\Community\\\\MSBuild\\Current\\Bin;C:\\Windows\\Microsoft.NET\\Framework64\\v4.0.30319;C:\\Program Files (x86)\\Microsoft Visual Studio\\2019\\Community\\Common7\\IDE\\;C:\\Program Files (x86)\\Microsoft Visual Studio\\2019\\Community\\Common7\\Tools\\;C:\\Program Files\\Microsoft\\jdk-11.0.16.101-hotspot\\bin;C:\\Program Files (x86)\\Intel\\iCLS Client\\;C:\\Program Files\\Intel\\iCLS Client\\;C:\\Windows\\system32;C:\\Windows;C:\\Windows\\System32\\Wbem;C:\\Windows\\System32\\WindowsPowerShell\\v1.0\\;C:\\Windows\\System32\\OpenSSH\\;C:\\Program Files\\NVIDIA Corporation\\NVIDIA NvDLISR;C:\\Program Files (x86)\\Microsoft SQL Server\\80\\Tools\\Binn\\;C:\\Program Files (x86)\\IVI Foundation\\VISA\\WinNT\\Bin\\;C:\\Program Files\\IVI Foundation\\VISA\\Win64\\Bin\\;C:\\Program Files (x86)\\IVI Foundation\\VISA\\WinNT\\Bin;C:\\Program Files (x86)\\Intel\\Intel(R) Management Engine Components\\DAL;C:\\Program Files\\Intel\\Intel(R) Management Engine Components\\DAL;C:\\Program Files (x86)\\Intel\\Intel(R) Management Engine Components\\IPT;C:\\Program Files\\Intel\\Intel(R) Management Engine Components\\IPT;C:\\WINDOWS\\system32;C:\\WINDOWS;C:\\WINDOWS\\System32\\Wbem;C:\\WINDOWS\\System32\\WindowsPowerShell\\v1.0\\;C:\\WINDOWS\\System32\\OpenSSH\\;C:\\Program Files (x86)\\NVIDIA Corporation\\PhysX\\Common;C:\\Program Files\\dotnet\\;C:\\Program Files\\Microsoft SQL Server\\150\\Tools\\Binn\\;C:\\ProgramData\\chocolatey\\bin;C:\\Program Files\\Git\\cmd;C:\\Program Files (x86)\\Windows Kits\\10\\Windows Performance Toolkit\\;C:\\Users\\Esmeyralda Celiandre\\AppData\\Local\\Programs\\Python\\Python311\\Scripts\\;C:\\Users\\Esmeyralda Celiandre\\AppData\\Local\\Programs\\Python\\Python311\\;C:\\Users\\Esmeyralda Celiandre\\AppData\\Local\\Microsoft\\WindowsApps;C:\\msys64\\mingw64\\bin;C:\\Users\\Esmeyralda Celiandre\\.dotnet\\tools;C:\\Users\\Esmeyralda Celiandre\\AppData\\Local\\Programs\\Hyper\\resources\\bin;C:\\Users\\Esmeyralda Celiandre\\AppData\\Local\\Programs\\Microsoft VS Code\\bin;C:\\Program Files (x86)\\Microsoft Visual Studio\\2019\\Community\\Common7\\IDE\\CommonExtensions\\Microsoft\\CMake\\CMake\\bin;C:\\Program Files (x86)\\Microsoft Visual Studio\\2019\\Community\\Common7\\IDE\\CommonExtensions\\Microsoft\\CMake\\Ninja;C:\\Program Files (x86)\\Microsoft Visual Studio\\2019\\Community\\Common7\\IDE\\VC\\Linux\\bin\\ConnectionManagerExe'), ('PATHEXT', '.COM;.EXE;.BAT;.CMD;.VBS;.VBE;.JS;.JSE;.WSF;.WSH;.MSC'), ('PKG_CONFIG_PATH', 'C:\\opt\\ros\\foxy\\x64\\lib\\pkgconfig'), ('PROCESSOR_ARCHITECTURE', 'AMD64'), ('PROCESSOR_IDENTIFIER', 'Intel64 Family 6 Model 94 Stepping 3, GenuineIntel'), ('PROCESSOR_LEVEL', '6'), ('PROCESSOR_REVISION', '5e03'), ('ProgramData', 'C:\\ProgramData'), ('ProgramFiles', 'C:\\Program Files'), ('ProgramFiles(x86)', 'C:\\Program Files (x86)'), ('ProgramW6432', 'C:\\Program Files'), ('PROMPT', '$P$G'), ('PSModulePath', 'C:\\Program Files\\WindowsPowerShell\\Modules;C:\\WINDOWS\\system32\\WindowsPowerShell\\v1.0\\Modules'), ('PUBLIC', 'C:\\Users\\Public'), ('PYTHONPATH', 'C:\\opt\\ros\\foxy\\x64\\Lib\\site-packages;C:\\Program Files\\CoppeliaRobotics\\CoppeliaSimEdu\\programming\\remoteApiBindings\\python\\python;C:\\Users\\Esmeyralda Celiandre\\AppData\\roaming\\Python\\Python310\\scripts'), ('P_SCHEMA', 'C:\\Program Files\\ANSYS Inc\\ANSYS Student\\v221\\AISOL\\CADIntegration\\Parasolid\\PSchema'), ('RABBITMQ_CONFIG_FILE', '"C:\\ProgramData\\National Instruments\\Skyline\\RabbitMQ\\rabbitmq"'), ('RABBITMQ_NODENAME', 'rabbit@localhost'), ('ROS_DISTRO', 'foxy'), ('ROS_ETC_DIR', 'C:\\opt\\ros\\foxy\\x64\\etc\\ros'), ('ROS_LOCALHOST_ONLY', '0'), ('ROS_PYTHON_VERSION', '3'), ('ROS_VERSION', '2'), ('SDF_PATH', 'C:\\opt\\ros\\foxy\\x64\\share\\sdformat\\1.6'), ('SystemDrive', 'C:'), ('SystemRoot', 'C:\\WINDOWS'), ('TEMP', 'C:\\Users\\ESMEYR~1\\AppData\\Local\\Temp'), ('TMP', 'C:\\Users\\ESMEYR~1\\AppData\\Local\\Temp'), ('UCRTVersion', '10.0.22621.0'), ('UniversalCRTSdkDir', 'C:\\Program Files (x86)\\Windows Kits\\10\\'), ('USERDOMAIN', 'DESKTOP-540HHKN'), ('USERDOMAIN_ROAMINGPROFILE', 'DESKTOP-540HHKN'), ('USERNAME', 'Esmeyralda Celiandre'), ('USERPROFILE', 'C:\\Users\\Esmeyralda Celiandre'), ('VCIDEInstallDir', 'C:\\Program Files (x86)\\Microsoft Visual Studio\\2019\\Community\\Common7\\IDE\\VC\\'), ('VCINSTALLDIR', 'C:\\Program Files (x86)\\Microsoft Visual Studio\\2019\\Community\\VC\\'), ('VCPKG_DEFAULT_TRIPLET', 'x64-windows'), ('VCPKG_ROOT', 'C:\\opt\\ros\\foxy\\x64\\tools\\vcpkg'), ('VCToolsInstallDir', 'C:\\Program Files (x86)\\Microsoft Visual Studio\\2019\\Community\\VC\\Tools\\MSVC\\14.29.30133\\'), ('VCToolsRedistDir', 'C:\\Program Files (x86)\\Microsoft Visual Studio\\2019\\Community\\VC\\Redist\\MSVC\\14.29.30133\\'), ('VCToolsVersion', '14.29.30133'), ('VisualStudioVersion', '16.0'), ('VS160COMNTOOLS', 'C:\\Program Files (x86)\\Microsoft Visual Studio\\2019\\Community\\Common7\\Tools\\'), ('VSCMD_ARG_app_plat', 'Desktop'), ('VSCMD_ARG_HOST_ARCH', 'x64'), ('VSCMD_ARG_TGT_ARCH', 'x64'), ('VSCMD_VER', '16.11.30'), ('VSINSTALLDIR', 'C:\\Program Files (x86)\\Microsoft Visual Studio\\2019\\Community\\'), ('VXIPNPPATH', 'C:\\Program Files (x86)\\IVI Foundation\\VISA\\'), ('VXIPNPPATH64', 'C:\\Program Files\\IVI Foundation\\VISA\\'), ('windir', 'C:\\WINDOWS'), ('WindowsLibPath', 'C:\\Program Files (x86)\\Windows Kits\\10\\UnionMetadata\\10.0.22621.0;C:\\Program Files (x86)\\Windows Kits\\10\\References\\10.0.22621.0'), ('WindowsSdkBinPath', 'C:\\Program Files (x86)\\Windows Kits\\10\\bin\\'), ('WindowsSdkDir', 'C:\\Program Files (x86)\\Windows Kits\\10\\'), ('WindowsSDKLibVersion', '10.0.22621.0\\'), ('WindowsSdkVerBinPath', 'C:\\Program Files (x86)\\Windows Kits\\10\\bin\\10.0.22621.0\\'), ('WindowsSDKVersion', '10.0.22621.0\\'), ('WindowsSDK_ExecutablePath_x64', 'C:\\Program Files (x86)\\Microsoft SDKs\\Windows\\v10.0A\\bin\\NETFX 4.8 Tools\\x64\\'), ('WindowsSDK_ExecutablePath_x86', 'C:\\Program Files (x86)\\Microsoft SDKs\\Windows\\v10.0A\\bin\\NETFX 4.8 Tools\\'), ('WSLENV', 'WT_SESSION::WT_PROFILE_ID'), ('WT_PROFILE_ID', '{6e127a82-fb94-45cf-b9c7-7b584a044f8a}'), ('WT_SESSION', 'bd2dd006-95fb-486a-a2f9-5e041ea2db39'), ('XILINX', 'C:\\NIFPGA\\programs\\Xilinx14_7\\ISE'), ('__devinit_path', 'C:\\Program Files (x86)\\Microsoft Visual Studio\\2019\\Community\\Common7\\Tools\\devinit\\devinit.exe'), ('__DOTNET_ADD_64BIT', '1'), ('__DOTNET_PREFERRED_BITNESS', '64'), ('__VSCMD_PREINIT_PATH', 'C:\\Program Files\\Microsoft\\jdk-11.0.16.101-hotspot\\bin;C:\\Program Files (x86)\\Intel\\iCLS Client\\;C:\\Program Files\\Intel\\iCLS Client\\;C:\\Windows\\system32;C:\\Windows;C:\\Windows\\System32\\Wbem;C:\\Windows\\System32\\WindowsPowerShell\\v1.0\\;C:\\Windows\\System32\\OpenSSH\\;C:\\Program Files\\NVIDIA Corporation\\NVIDIA NvDLISR;C:\\Program Files (x86)\\Microsoft SQL Server\\80\\Tools\\Binn\\;C:\\Program Files (x86)\\IVI Foundation\\VISA\\WinNT\\Bin\\;C:\\Program Files\\IVI Foundation\\VISA\\Win64\\Bin\\;C:\\Program Files (x86)\\IVI Foundation\\VISA\\WinNT\\Bin;C:\\Program Files (x86)\\Intel\\Intel(R) Management Engine Components\\DAL;C:\\Program Files\\Intel\\Intel(R) Management Engine Components\\DAL;C:\\Program Files (x86)\\Intel\\Intel(R) Management Engine Components\\IPT;C:\\Program Files\\Intel\\Intel(R) Management Engine Components\\IPT;C:\\WINDOWS\\system32;C:\\WINDOWS;C:\\WINDOWS\\System32\\Wbem;C:\\WINDOWS\\System32\\WindowsPowerShell\\v1.0\\;C:\\WINDOWS\\System32\\OpenSSH\\;C:\\Program Files (x86)\\NVIDIA Corporation\\PhysX\\Common;C:\\Program Files\\dotnet\\;C:\\Program Files\\Microsoft SQL Server\\150\\Tools\\Binn\\;C:\\ProgramData\\chocolatey\\bin;C:\\Program Files\\Git\\cmd;C:\\Program Files (x86)\\Windows Kits\\10\\Windows Performance Toolkit\\;C:\\Users\\Esmeyralda Celiandre\\AppData\\Local\\Programs\\Python\\Python311\\Scripts\\;C:\\Users\\Esmeyralda Celiandre\\AppData\\Local\\Programs\\Python\\Python311\\;C:\\Users\\Esmeyralda Celiandre\\AppData\\Local\\Microsoft\\WindowsApps;C:\\msys64\\mingw64\\bin;C:\\Users\\Esmeyralda Celiandre\\.dotnet\\tools;C:\\Users\\Esmeyralda Celiandre\\AppData\\Local\\Programs\\Hyper\\resources\\bin;C:\\Users\\Esmeyralda Celiandre\\AppData\\Local\\Programs\\Microsoft VS Code\\bin'), ('__VSCMD_script_err_count', '0'), ('TERM_PROGRAM', 'vscode'), ('TERM_PROGRAM_VERSION', '1.82.2'), ('LANG', 'en_US.UTF-8'), ('COLORTERM', 'truecolor'), ('GIT_ASKPASS', 'c:\\Users\\Esmeyralda Celiandre\\AppData\\Local\\Programs\\Microsoft VS Code\\resources\\app\\extensions\\git\\dist\\askpass.sh'), ('VSCODE_GIT_ASKPASS_NODE', 'C:\\Users\\Esmeyralda Celiandre\\AppData\\Local\\Programs\\Microsoft VS Code\\Code.exe'), ('VSCODE_GIT_ASKPASS_EXTRA_ARGS', '--ms-enable-electron-run-as-node'), ('VSCODE_GIT_ASKPASS_MAIN', 'c:\\Users\\Esmeyralda Celiandre\\AppData\\Local\\Programs\\Microsoft VS Code\\resources\\app\\extensions\\git\\dist\\askpass-main.js'), ('VSCODE_GIT_IPC_HANDLE', '\\\\.\\pipe\\vscode-git-14ca82c19f-sock')]), 'shell': False}
[0.219000] (-) TimerEvent: {}
[0.250000] (radar_pkg) StdoutLine: {'line': b'-- Selecting Windows SDK version 10.0.22621.0 to target Windows 10.0.19045.\n'}
[0.328000] (-) TimerEvent: {}
[0.438000] (-) TimerEvent: {}
[0.547000] (-) TimerEvent: {}
[0.656000] (-) TimerEvent: {}
[0.766000] (-) TimerEvent: {}
[0.875000] (-) TimerEvent: {}
[0.985000] (-) TimerEvent: {}
[1.094000] (-) TimerEvent: {}
[1.203000] (-) TimerEvent: {}
[1.313000] (-) TimerEvent: {}
[1.422000] (-) TimerEvent: {}
[1.531000] (-) TimerEvent: {}
[1.656000] (-) TimerEvent: {}
[1.766000] (-) TimerEvent: {}
[1.875000] (-) TimerEvent: {}
[1.985000] (-) TimerEvent: {}
[2.094000] (radar_pkg) StdoutLine: {'line': b'-- The C compiler identification is MSVC 19.29.30152.0\n'}
[2.094000] (-) TimerEvent: {}
[2.203000] (-) TimerEvent: {}
[2.313000] (-) TimerEvent: {}
[2.422000] (-) TimerEvent: {}
[2.531000] (-) TimerEvent: {}
[2.563000] (radar_pkg) StderrLine: {'line': b'Traceback (most recent call last):\r\n'}
[2.563000] (radar_pkg) StderrLine: {'line': b'  File "runpy.py", line 194, in _run_module_as_main\r\n'}
[2.563000] (radar_pkg) StderrLine: {'line': b'  File "runpy.py", line 87, in _run_code\r\n'}
[2.563000] (radar_pkg) StderrLine: {'line': b'  File "C:\\opt\\ros\\foxy\\x64\\Scripts\\cmake.EXE\\__main__.py", line 7, in <module>\r\n'}
[2.563000] (radar_pkg) StderrLine: {'line': b'  File "c:\\opt\\ros\\foxy\\x64\\lib\\site-packages\\cmake\\__init__.py", line 46, in cmake\r\n'}
[2.563000] (radar_pkg) StderrLine: {'line': b"    raise SystemExit(_program('cmake', sys.argv[1:]))\r\n"}
[2.563000] (radar_pkg) StderrLine: {'line': b'  File "c:\\opt\\ros\\foxy\\x64\\lib\\site-packages\\cmake\\__init__.py", line 42, in _program\r\n'}
[2.563000] (radar_pkg) StderrLine: {'line': b'    return subprocess.call([os.path.join(CMAKE_BIN_DIR, name)] + args)\r\n'}
[2.563000] (radar_pkg) StderrLine: {'line': b'  File "subprocess.py", line 342, in call\r\n'}
[2.563000] (radar_pkg) StderrLine: {'line': b'  File "subprocess.py", line 1079, in wait\r\n'}
[2.563000] (radar_pkg) StderrLine: {'line': b'  File "subprocess.py", line 1357, in _wait\r\n'}
[2.563000] (radar_pkg) StderrLine: {'line': b'KeyboardInterrupt\r\n'}
[2.563000] (radar_pkg) CommandEnded: {'returncode': 1}
[2.625000] (radar_pkg) StderrLine: {'line': b'Traceback (most recent call last):\n  File "c:\\opt\\ros\\foxy\\x64\\lib\\site-packages\\colcon_parallel_executor\\executor\\parallel.py", line 67, in execute\n    loop.run_until_complete(future)\n  File "asyncio\\base_events.py", line 603, in run_until_complete\n  File "asyncio\\windows_events.py", line 316, in run_forever\n  File "asyncio\\base_events.py", line 570, in run_forever\n  File "asyncio\\base_events.py", line 1823, in _run_once\n  File "asyncio\\windows_events.py", line 430, in select\n  File "asyncio\\windows_events.py", line 779, in _poll\nKeyboardInterrupt\n\nDuring handling of the above exception, another exception occurred:\n\nTraceback (most recent call last):\n  File "c:\\opt\\ros\\foxy\\x64\\lib\\site-packages\\colcon_core\\executor\\__init__.py", line 91, in __call__\n    rc = await self.task(*args, **kwargs)\n  File "c:\\opt\\ros\\foxy\\x64\\lib\\site-packages\\colcon_core\\task\\__init__.py", line 93, in __call__\n    return await task_method(*args, **kwargs)\n  File "c:\\opt\\ros\\foxy\\x64\\lib\\site-packages\\colcon_ros\\task\\ament_cmake\\build.py", line 66, in build\n    if await has_target(args.build_base, \'install\'):\n  File "c:\\opt\\ros\\foxy\\x64\\lib\\site-packages\\colcon_cmake\\task\\cmake\\__init__.py", line 56, in has_target\n    if \'Unix Makefiles\' in generator:\nTypeError: argument of type \'NoneType\' is not iterable\n'}
[2.625000] (radar_pkg) JobEnded: {'identifier': 'radar_pkg', 'rc': 'SIGINT'}
[2.641000] (-) TimerEvent: {}
[2.641000] (-) EventReactorShutdown: {}
