<?xml version="1.0" encoding="UTF-8"?>
<Site BuildName="(empty)"
	BuildStamp="20230929-2026-Experimental"
	Name="DESKTOP-540HHKN"
	Generator="ctest-3.18.2"
	CompilerName="C:/msys64/mingw64/bin/g++.exe"
	CompilerVersion="10.3.0"
	OSName="Windows"
	Hostname="DESKTOP-540HHKN"
	OSRelease=" Professional"
	OSVersion=" (Build 19045)"
	OSPlatform="AMD64"
	Is64Bits="1"
	VendorString="GenuineIntel"
	VendorID="Intel Corporation"
	FamilyID="6"
	ModelID="14"
	ProcessorCacheSize="-1"
	NumberOfLogicalCPU="4"
	NumberOfPhysicalCPU="4"
	TotalVirtualMemory="18749"
	TotalPhysicalMemory="16317"
	LogicalProcessorsPerPhysical="1"
	ProcessorClockFrequency="2307"
	>
	<Testing>
		<StartDateTime>Sep 29 22:26 Paris, Madrid (heure d?[NON-UTF-8-BYTE-0xE9]t[NON-UTF-8-BYTE-0xE9])</StartDateTime>
		<StartTestTime>1696019212</StartTestTime>
		<TestList/>
		<EndDateTime>Sep 29 22:26 Paris, Madrid (heure d?[NON-UTF-8-BYTE-0xE9]t[NON-UTF-8-BYTE-0xE9])</EndDateTime>
		<EndTestTime>1696019212</EndTestTime>
		<ElapsedMinutes>0</ElapsedMinutes>
	</Testing>
</Site>
