[0.110s] Invoking command in 'C:\ws\techical_test_ROS\build\radar_pkg': C:\opt\ros\foxy\x64\Scripts\cmake.EXE C:\ws\techical_test_ROS\radar_ws\src\radar_pkg -DCMAKE_INSTALL_PREFIX=C:\ws\techical_test_ROS\install\radar_pkg -G Visual Studio 16 2019
[0.250s] -- Selecting Windows SDK version 10.0.22621.0 to target Windows 10.0.19045.
[2.094s] -- The C compiler identification is MSVC 19.29.30152.0
[2.563s] Traceback (most recent call last):
[2.563s]   File "runpy.py", line 194, in _run_module_as_main
[2.563s]   File "runpy.py", line 87, in _run_code
[2.563s]   File "C:\opt\ros\foxy\x64\Scripts\cmake.EXE\__main__.py", line 7, in <module>
[2.563s]   File "c:\opt\ros\foxy\x64\lib\site-packages\cmake\__init__.py", line 46, in cmake
[2.563s]     raise SystemExit(_program('cmake', sys.argv[1:]))
[2.563s]   File "c:\opt\ros\foxy\x64\lib\site-packages\cmake\__init__.py", line 42, in _program
[2.563s]     return subprocess.call([os.path.join(CMAKE_BIN_DIR, name)] + args)
[2.563s]   File "subprocess.py", line 342, in call
[2.563s]   File "subprocess.py", line 1079, in wait
[2.563s]   File "subprocess.py", line 1357, in _wait
[2.563s] KeyboardInterrupt
[2.563s] Invoked command in 'C:\ws\techical_test_ROS\build\radar_pkg' returned '1': C:\opt\ros\foxy\x64\Scripts\cmake.EXE C:\ws\techical_test_ROS\radar_ws\src\radar_pkg -DCMAKE_INSTALL_PREFIX=C:\ws\techical_test_ROS\install\radar_pkg -G Visual Studio 16 2019
[2.625s] Traceback (most recent call last):
  File "c:\opt\ros\foxy\x64\lib\site-packages\colcon_parallel_executor\executor\parallel.py", line 67, in execute
    loop.run_until_complete(future)
  File "asyncio\base_events.py", line 603, in run_until_complete
  File "asyncio\windows_events.py", line 316, in run_forever
  File "asyncio\base_events.py", line 570, in run_forever
  File "asyncio\base_events.py", line 1823, in _run_once
  File "asyncio\windows_events.py", line 430, in select
  File "asyncio\windows_events.py", line 779, in _poll
KeyboardInterrupt

During handling of the above exception, another exception occurred:

Traceback (most recent call last):
  File "c:\opt\ros\foxy\x64\lib\site-packages\colcon_core\executor\__init__.py", line 91, in __call__
    rc = await self.task(*args, **kwargs)
  File "c:\opt\ros\foxy\x64\lib\site-packages\colcon_core\task\__init__.py", line 93, in __call__
    return await task_method(*args, **kwargs)
  File "c:\opt\ros\foxy\x64\lib\site-packages\colcon_ros\task\ament_cmake\build.py", line 66, in build
    if await has_target(args.build_base, 'install'):
  File "c:\opt\ros\foxy\x64\lib\site-packages\colcon_cmake\task\cmake\__init__.py", line 56, in has_target
    if 'Unix Makefiles' in generator:
TypeError: argument of type 'NoneType' is not iterable
